INFO [06-28|08:07:38.151|geth/main.go:297] Starting Geth on Ethereum mainnet... 
INFO [06-28|08:07:38.151|geth/main.go:304] Bumping default cache on mainnet         provided=1024 updated=4096
INFO [06-28|08:07:38.152|cmd/utils/flags.go:1178] Maximum peer count                       ETH=50 LES=0 total=50
INFO [06-28|08:07:38.152|cmd/utils/flags.go:1252] Smartcard socket not found, disabling    err="stat /run/pcscd/pcscd.comm: no such file or directory"
INFO [06-28|08:07:38.156|node/node.go:194]        Starting peer-to-peer node               instance=Geth/v1.9.16-unstable-413358ab-20200624/linux-amd64/go1.14.3
INFO [06-28|08:07:38.156|eth/backend.go:136]      Allocated trie memory caches             clean=1.60GiB dirty=0.00B
INFO [06-28|08:07:38.156|ethdb/leveldb/leveldb.go:95] Allocated cache and file handles         database=/home/ia/go/src/github.com/ethereum/go-ethereum/data/geth/chaindata cache=2.00GiB handles=524288
INFO [06-28|08:07:38.203|core/rawdb/freezer.go:125]   Opened ancient database                  database=/home/ia/go/src/github.com/ethereum/go-ethereum/data/geth/chaindata/ancient
INFO [06-28|08:07:38.203|eth/backend.go:147]          Initialised chain configuration          config="{ChainID: 1 Homestead: 115 DAO: 192 DAOSupport: true EIP150: 246 EIP155: 267 EIP158: 267 Byzantium: 437 Constantinople: 728 Petersburg: 728 Istanbul: 906, Muir Glacier: 920, YOLO v1: <nil>, Engine: ethash}"
INFO [06-28|08:07:38.203|consensus/ethash/ethash.go:453] Disk storage enabled for ethash caches   dir=/home/ia/go/src/github.com/ethereum/go-ethereum/data/geth/ethash count=3
INFO [06-28|08:07:38.203|consensus/ethash/ethash.go:456] Disk storage enabled for ethash DAGs     dir=/home/ia/.ethash count=2
INFO [06-28|08:07:38.203|eth/backend.go:168]             Initialising Ethereum protocol           versions="[65 64 63]" network=1 dbversion=<nil>
WARN [06-28|08:07:38.203|eth/backend.go:174]             Upgrade blockchain database version      from=<nil> to=7
INFO [06-28|08:07:38.204|core/blockchain.go:409]         Loaded most recent local header          number=0 hash="529b11…c00a48" td=16384 age=51y2mo3w
INFO [06-28|08:07:38.204|core/blockchain.go:410]         Loaded most recent local full block      number=0 hash="529b11…c00a48" td=16384 age=51y2mo3w
INFO [06-28|08:07:38.204|core/blockchain.go:411]         Loaded most recent local fast block      number=0 hash="529b11…c00a48" td=16384 age=51y2mo3w
INFO [06-28|08:07:38.204|core/tx_journal.go:166]         Regenerated local transaction journal    transactions=0 accounts=0
INFO [06-28|08:07:38.216|p2p/enode/localnode.go:284]     New local node record                    seq=1 id=96c2eebfb0777351 ip=127.0.0.1 udp=0 tcp=30303
INFO [06-28|08:07:38.216|p2p/server.go:695]              Started P2P networking                   self="enode://afa4b53ff0fa5a2757d678156602215e5845106ca987653c62558e57f79fad807e2f25eb6d37298ce5d813175165e86f122007d7492fdecb399a446783e04a07@127.0.0.1:30303?discport=0"
INFO [06-28|08:07:38.217|node/node.go:351]               IPC endpoint opened                      url=/tmp/geth.ipc
INFO [06-28|08:07:38.218|node/node.go:390]               HTTP endpoint opened                     url=http://127.0.0.1:8545/ cors=* vhosts=localhost
INFO [06-28|08:07:38.218|core/tx_pool.go:424]            Transaction pool price threshold updated price=1000000000
INFO [06-28|08:07:38.218|eth/backend.go:452]             Updated mining threads                   threads=0
INFO [06-28|08:07:38.218|core/tx_pool.go:424]            Transaction pool price threshold updated price=1000000000
INFO [06-28|08:07:38.218|miner/worker.go:1001]           Commit new mining work                   number=1 sealhash="83466e…5dbc66" uncles=0 txs=0 gas=0 fees=0 elapsed="265.356µs"
INFO [06-28|08:07:38.224|p2p/nat/nat.go:111]             Mapped network port                      proto=tcp extport=30303 intport=30303 interface=NAT-PMP(192.168.0.1)
INFO [06-28|08:07:43.131|eth/backend.go:452]             Updated mining threads                   threads=1
INFO [06-28|08:07:43.132|core/tx_pool.go:424]            Transaction pool price threshold updated price=1000000000
INFO [06-28|08:07:43.132|miner/worker.go:1001]           Commit new mining work                   number=1 sealhash="d6d3ea…ce71bb" uncles=0 txs=0 gas=0 fees=0 elapsed="113.921µs"
INFO [06-28|08:07:44.971|core/tx_pool.go:627]            Setting new local account                address=0xb1355e69c1ba7b401E38c95CdB936727aE88bE76
INFO [06-28|08:07:44.971|internal/ethapi/api.go:1540]    Submitted contract creation              fullhash=0x99b1c61f76d975ea76fbbf38aadbf6b66899ea6264f1bfffcc553b703d4a25b9 contract=0x08e112c332db2d176D4D037f1119aE5475358Daa
INFO [06-28|08:07:44.976|internal/ethapi/api.go:1540]    Submitted contract creation              fullhash=0xccbf8fc78d295c3730fe6a2f133bbbb19e7487df9cdcb0d896aafa5d9e51875d contract=0xA9C11D2B62575Bd5B18C172571e5A7bcf6Ba6a4e
INFO [06-28|08:07:44.979|internal/ethapi/api.go:1540]    Submitted contract creation              fullhash=0xf874732480b9cdbc5ed3e14f894cd0392d3d1fa09d8e01a19846d8154230df45 contract=0xA8FEC5b8beef04b2eB8c8158c95D3BA52198ab0D
INFO [06-28|08:07:44.982|internal/ethapi/api.go:1540]    Submitted contract creation              fullhash=0x98867d1b6bc462fcaf3309b5ec137abfe3434d31ad309d9ac1722da3860706a6 contract=0xD948aa9EaffE7f21dE8A2Aef86757c0Bbe9Ff84c
INFO [06-28|08:07:44.986|internal/ethapi/api.go:1540]    Submitted contract creation              fullhash=0x527343ead54317bf069fd75c399b82813e35bf195bef3039e6b0bb5d8db3945b contract=0x5444A5d7376270b64D34B43DCb89db2cECe275Ef
INFO [06-28|08:07:44.991|internal/ethapi/api.go:1540]    Submitted contract creation              fullhash=0xa88fce3defeb2d67c1d040d0de6f638cf09e7b7f54887e06f5b09c46c4137e33 contract=0xe23D1FA9dCaC02575f112B8bc58d9861e97c3FF3
INFO [06-28|08:07:44.997|internal/ethapi/api.go:1540]    Submitted contract creation              fullhash=0x599b4da77ad2c6d9761edb6aad89729500b2eb01c0902b562c08659da6abfb50 contract=0x224d291424882cE3a57Ec71A4A189FBD76E38AfF
INFO [06-28|08:07:45.000|internal/ethapi/api.go:1540]    Submitted contract creation              fullhash=0x0e2b2d5b5d5ea5e40930588fe56457dea4fb4469e36d4891594d0ad4fdcd3281 contract=0xCF678c48a9221BF162Cb8Ac604289b33E60076e2
INFO [06-28|08:07:45.005|internal/ethapi/api.go:1540]    Submitted contract creation              fullhash=0x81d2852611878bf7f9d51b1ccb58cf28bda1d61924b1c81f45105f80a7a28a3b contract=0xe28B8888b17707D34cf6b93B9F08De5B9136956f
INFO [06-28|08:07:45.012|internal/ethapi/api.go:1540]    Submitted contract creation              fullhash=0x3d492c0c67392a859fc66a329fe44668852dd75e1de7540fca8f4e895ca1467d contract=0xf2451D034ED6404Dc2D342FFe33D749c889c1359
INFO [06-28|08:07:45.020|internal/ethapi/api.go:1540]    Submitted contract creation              fullhash=0x6a6bc4bc5ab83ce59ec7051b8272a4e43b01b73985d1bb90a34cafe949ee0d8c contract=0x0E2b2a49f353Cba63ff2666672127074f4199BAD
INFO [06-28|08:07:45.044|internal/ethapi/api.go:1540]    Submitted contract creation              fullhash=0xd5f1e6c4d4c5d8dadf5c472713563f1b8c31e6acdbaa003ebed91fa1f636339a contract=0x8deFF23b736a78eF320DC8564aDBEbd447ACa5D4
INFO [06-28|08:07:45.047|internal/ethapi/api.go:1540]    Submitted contract creation              fullhash=0x8725d65f0b2d9c009ffc30fbc4b5c4f2f2de1585599f44b16932b92c7642deac contract=0xCd5b8b68f75c928DB49730f40CB1D826848CF644
INFO [06-28|08:07:45.050|internal/ethapi/api.go:1540]    Submitted contract creation              fullhash=0x21802684cd5da7eb6fdf90bc85b5dc20bef2d8ba13b3305995de5981770fd8e0 contract=0x27997A7420b58F277bC1607f330dFe0A9a2f2F3f
INFO [06-28|08:07:45.053|internal/ethapi/api.go:1540]    Submitted contract creation              fullhash=0x241c705a29c4db6e6bc51b1fa91c21c5f44f42a113ba9ffd9a88cac879ca27f6 contract=0x4524d87dc20f85a7AAd043Bd38e3D64cfB97e28b
INFO [06-28|08:07:45.057|internal/ethapi/api.go:1540]    Submitted contract creation              fullhash=0x7a3fe732532fa6713b0e95caebb6ad617a565b2ed0ef10b37c46623c12a38ad2 contract=0x4C5Abb46ad15577eeE7c6A3a90D9f3CD9C828F02
INFO [06-28|08:07:45.060|internal/ethapi/api.go:1540]    Submitted contract creation              fullhash=0xc9bc4eca9b83724119b736b87d23c7e9fe295c2815e730888e1eba9b2c017192 contract=0xdD203A081436579E6ae106c09D9A53a8af92Cc4b
INFO [06-28|08:07:45.077|internal/ethapi/api.go:1540]    Submitted contract creation              fullhash=0x008d0bbb185f6781814db9ff921935e327f200b4bcbcd7cff06c0ef0d9b14998 contract=0x485c55AA9141FA2614869c8Ff07520921cDEae74
INFO [06-28|08:07:45.083|internal/ethapi/api.go:1540]    Submitted contract creation              fullhash=0xc18d7be4005fbc4772c214631e2cdc6d474eed5dd368496a8509cf304d03ab54 contract=0x5DBd7a78f49F9586C928C9c04E2274254440e061
INFO [06-28|08:07:45.087|internal/ethapi/api.go:1540]    Submitted contract creation              fullhash=0x55b47265b49ffa431cb09e814076fd6293966fdf5948718ace8cc1c2e4dd0c3f contract=0x4d73585BE525027034ef9161A98A3D8C074DD56B
INFO [06-28|08:07:45.094|internal/ethapi/api.go:1540]    Submitted contract creation              fullhash=0xe338a66187d6bc0661bc0da341ecf540979d89bb1bf2a8fde7e6ed924d506155 contract=0xa576b2973315783b9aDEcbf48fc010Fd251f61f8
INFO [06-28|08:07:45.101|internal/ethapi/api.go:1540]    Submitted contract creation              fullhash=0x9d76d4a6e10c32e99f4ea2347deedbfd12837d82f67730ab80dbb84c4ba452c3 contract=0x40400151bd7060df10ba75d203B2C5985502b623
INFO [06-28|08:07:45.106|internal/ethapi/api.go:1540]    Submitted contract creation              fullhash=0xb28ae1029eec8775903cbb0eae27a50a2e44efc7fd8c8ffdaf5da9257a36c81b contract=0x6cbBE2F501a858eBdA238CD690fCA13eCfcEb9AD
INFO [06-28|08:07:45.192|internal/ethapi/api.go:1540]    Submitted contract creation              fullhash=0x8a26057b65c886ae508bb1c253f752e771fed06121c0ee70f83156c419ec9fd8 contract=0x6D695861D4eEb8C1983bB69b3eCb3a7e1a908086
INFO [06-28|08:07:45.274|internal/ethapi/api.go:1540]    Submitted contract creation              fullhash=0x570c189fa734c852c9596ffb1b47c1300e7e3958123fd87d564d4e8a1b00094b contract=0x56F9932045BabA87ABEFDB874BA944047D76c4C8
INFO [06-28|08:07:45.285|internal/ethapi/api.go:1540]    Submitted contract creation              fullhash=0x4724e24ebf7640008f6c10daff971bab5f0571653db43c2cc98ae26f6ef5554c contract=0xBeb170648581Dd9873c93F230408BF8f1aE26110
INFO [06-28|08:07:45.291|internal/ethapi/api.go:1540]    Submitted contract creation              fullhash=0x782a4bb4ef117147991089b7df638adc44295624dbb4b847f03f73c98da37639 contract=0xbfBA0c3AF698E1c0f1B32b26108C6319DCFb4697
INFO [06-28|08:07:45.310|internal/ethapi/api.go:1540]    Submitted contract creation              fullhash=0xe0f75f84226a2e8536c56fc2335999022653d386b9ef91af6c8f669e2dea27fa contract=0x0267f97A5101fB97Ee96691B97ACC7Cb854E7c76
INFO [06-28|08:07:45.312|internal/ethapi/api.go:1540]    Submitted contract creation              fullhash=0x705ea2cb42a98244c401bab8d4a334fb7bbc6b9f75d33bf3b0d858e6fa178b62 contract=0xBbe5ae6382D3f6A9005e3B0ABC8448889c3Ae87C
INFO [06-28|08:07:45.321|internal/ethapi/api.go:1540]    Submitted contract creation              fullhash=0xc3e49b2b7ff54c735e40b75ea7495495701193edd986beb79f0611bb4b73c6b3 contract=0x8B1C0A03bF63E741DA125E95CFD4F7Bd409c2BB0
INFO [06-28|08:07:45.326|internal/ethapi/api.go:1540]    Submitted contract creation              fullhash=0x2dc01d669f0246a66e8a976cb047b1e0ece0eb15efb00d2bd900b089fb16a621 contract=0x66E9308Bb029D2ecE711Ac48bB56B6633D4fe845
INFO [06-28|08:07:45.332|internal/ethapi/api.go:1540]    Submitted contract creation              fullhash=0x5801b5f39c0b14ffb567e1b790ac0b6a0fe7fd8bc856924d48f972d0a003742e contract=0xF1aDd024047a257813EDB650aF8264e2017C1AF1
INFO [06-28|08:07:45.340|internal/ethapi/api.go:1540]    Submitted contract creation              fullhash=0x85f129dd4ae10785e932f08a120aa4ef89cc368fc3d85acffcd268fef42beff1 contract=0xCBb00fC826D21F8E50407B051a33022D08a2d9Df
INFO [06-28|08:07:45.350|internal/ethapi/api.go:1540]    Submitted contract creation              fullhash=0xaba4f531e2e9c882f73a9a0955eb6a05e67beb359fd0180d8dca1ee3515a89f5 contract=0x4e0874EDD476eaCf1FFc2fF4C38Ab0dd180148Ae
INFO [06-28|08:07:45.355|internal/ethapi/api.go:1540]    Submitted contract creation              fullhash=0xeb9e89270d39a225a62531e11fb7e75645593efa80f3a2a4793002fe36324b4e contract=0x19221AA1D4611Adca6CB36DeACd032300496A1A1
INFO [06-28|08:07:45.437|internal/ethapi/api.go:1540]    Submitted contract creation              fullhash=0x740af14648265cdadde58ee798291eafcece8611768ae86ba54a4cf0a3ba6415 contract=0x245B51B59e7f93285AE8ABF0de354F419986EDEB
INFO [06-28|08:07:45.445|internal/ethapi/api.go:1540]    Submitted contract creation              fullhash=0x43630e7c9670b7e98ba3802c5eb5eed8ab47e015da0147628cd537d8ee24a971 contract=0x688cB4a8b7fe8b8444b1D6bDCBd3c1B54a1AD1A0
INFO [06-28|08:07:45.449|internal/ethapi/api.go:1540]    Submitted contract creation              fullhash=0xe3b55199a25bfb217213cde2f1ae56754d4c22470bf567033d9444b7c2723689 contract=0xEc807a184719A62B8A0F830CEbb3De9733912795
INFO [06-28|08:07:45.459|internal/ethapi/api.go:1540]    Submitted contract creation              fullhash=0x1930cba0213b0b7746bf3e0241b4decade1bf9425ccfaf739a4368fad51d9149 contract=0xb37543579c0cb772Fc89Fd1E86386eb7444245E9
INFO [06-28|08:07:45.462|internal/ethapi/api.go:1540]    Submitted contract creation              fullhash=0xaef223b15e4baf6106c23c3e70f95ac60805ebc0903d9cf1212100c7704b2ca9 contract=0x5cC9f483834B5aA3E9f4bA454ABd80Be6A695DC5
INFO [06-28|08:07:45.469|internal/ethapi/api.go:1540]    Submitted contract creation              fullhash=0x96f8b0f93818be0d8bba4513b28c17182cde69861a11e470b3fe110d6d8d4781 contract=0xbb1D9fC0cca87860dD9218e864a14CecB4ef49F3
INFO [06-28|08:07:45.473|internal/ethapi/api.go:1540]    Submitted contract creation              fullhash=0x7b5f7ee3a892a439614a43170984a564127f26140567aa864bf08eb906b987f1 contract=0x6cB2c4e77bC6C1ef7248CC6dC2c9b2b1D90E1568
INFO [06-28|08:07:45.479|internal/ethapi/api.go:1540]    Submitted contract creation              fullhash=0x73806d3a3882b1b93bef716c266429046db3ad1f74f30b78758929cc7859f7f0 contract=0xb9e49b70d1CF5C15F54e61ef615CA6b60936D0fC
INFO [06-28|08:07:45.485|internal/ethapi/api.go:1540]    Submitted contract creation              fullhash=0x84cd8d49921524718ca9f0d2bf3bb068ee015021da9be0c944642543e74d9c87 contract=0x65DD0dE6C73fb5d4dD510329CD61456761073311
INFO [06-28|08:07:45.493|internal/ethapi/api.go:1540]    Submitted contract creation              fullhash=0xe4d3f0b71e540744ae8635d3d27287afe90d5371a247a4b53baf4c36e13f24de contract=0x6B0fAaFaD0c97ae83CfC771CAA30DFe15de79662
INFO [06-28|08:07:45.516|miner/worker.go:620]            Successfully sealed new block            number=1 sealhash="d6d3ea…ce71bb" hash="827878…bf92d7" elapsed=2.384s
INFO [06-28|08:07:45.517|miner/unconfirmed.go:85]        🔨 mined potential block                  number=1 hash="827878…bf92d7"
INFO [06-28|08:07:45.517|miner/worker.go:1001]           Commit new mining work                   number=2 sealhash="7f5d1f…75f203" uncles=0 txs=0 gas=0 fees=0 elapsed="157.388µs"
INFO [06-28|08:07:45.533|miner/worker.go:1001]           Commit new mining work                   number=2 sealhash="56fa98…7f21e3" uncles=0 txs=45 gas=3555620 fees=0.00355562 elapsed=16.949ms
INFO [06-28|08:07:45.658|internal/ethapi/api.go:1540]    Submitted contract creation              fullhash=0xb7dd7624f033a93defbc20172bb3abe8b95efdd9f1f453426884d232e2ba365d contract=0x79E7C9B7a36A9dce3a879B6EA89A0379347fAe53
INFO [06-28|08:07:45.751|internal/ethapi/api.go:1540]    Submitted contract creation              fullhash=0x78db94ac622c50261a1cb49ab6b51396c6c5aa6b58f8776527c991e4c3eae6ae contract=0x246875637f53Db6fC333B438567bEAdeBC829CC3
INFO [06-28|08:07:45.755|internal/ethapi/api.go:1540]    Submitted contract creation              fullhash=0x25b8f8104b98a801672d38e3799ab34aa02225f4c407432e3c358ecb4c4cf106 contract=0x4937eE56CDD18dEC9B5297A0748AB99EB62ce95D
INFO [06-28|08:07:45.760|internal/ethapi/api.go:1540]    Submitted contract creation              fullhash=0x9e0880d85d84a1b8d3e41213cfd675cdb69356fa33c00771d45eccde82e46c1f contract=0x97555581219D49454D34bbe0947C330ddF056340
INFO [06-28|08:07:45.764|internal/ethapi/api.go:1540]    Submitted contract creation              fullhash=0x2f424518e62eced11768dbfc0f46a642eb00cbf9f91348277635b03e4a6438f2 contract=0xae79044590aeB686D526cd99a06BD54c3E764695
INFO [06-28|08:07:45.769|internal/ethapi/api.go:1540]    Submitted contract creation              fullhash=0x88febe9f75093f0f757eadb2d2cb481f991de48b375f71a1420040e5ef485a15 contract=0x2c81A008a3674c4fDC9070ba42E42BDa241443A9
INFO [06-28|08:07:45.773|internal/ethapi/api.go:1540]    Submitted contract creation              fullhash=0x949a7c03fbb463f5b7db8110555250a0c6627be1a9243bc769f73e82482f8304 contract=0x537eC7da7488c9D7bd66712Ae4259065d95b77e7
INFO [06-28|08:07:45.778|internal/ethapi/api.go:1540]    Submitted contract creation              fullhash=0x16021af633f00ce83c298463352e86f5dd3d9fe93e5055913f916f9f216ea8cb contract=0x30a5ef274A7D58ECE977A0E2C410a62E9C5f59C5
INFO [06-28|08:07:45.780|internal/ethapi/api.go:1540]    Submitted contract creation              fullhash=0x7b48044ad374dd37af590819c126e353c01be1bfdf314252894d8a18d44d3367 contract=0xc105f57c50F3Ba8120e4A48E5772126AA8a9e5f6
INFO [06-28|08:07:45.818|internal/ethapi/api.go:1540]    Submitted contract creation              fullhash=0xffc680f2c5d0da9806b6070f530dc064738e5875760f396485b01fd7b2a969d3 contract=0x6d79Ed27776c3851A3ab3978cB9A03fA33886f2d
INFO [06-28|08:07:45.822|internal/ethapi/api.go:1540]    Submitted contract creation              fullhash=0xbb5861ff5eccc5982937933556bdba09a3951f91fc440aaa2e9eee02ecf8d368 contract=0xa6141BD9e09f244dbf0CB8EB0396c2C37d7Cc3D9
INFO [06-28|08:07:45.825|internal/ethapi/api.go:1540]    Submitted contract creation              fullhash=0xb68e0091cbb60128ac5a6a09306951a832b79338ce847d11b015e0b0f1d9e33c contract=0xe9808658a7287EC15Cd0707130c10aC757e9AdbD
INFO [06-28|08:07:45.827|internal/ethapi/api.go:1540]    Submitted contract creation              fullhash=0xe3a485ad0b6b802a3d7ff54d93025219597935a51a34304ae5ecd45cad1c4d3b contract=0x9AF7D8a347ed237a3819f5EFa61C718d0837713b
INFO [06-28|08:07:45.859|internal/ethapi/api.go:1540]    Submitted contract creation              fullhash=0x69025002e191e4a92fb85b6077e9bfe9abb1c57ba6354af274a07ae08dd89b9b contract=0x6bf9555c53cdB5B3DAfdA43185eF3AC453A9bCae
INFO [06-28|08:07:45.865|internal/ethapi/api.go:1540]    Submitted contract creation              fullhash=0x5fdcea997b09fa30ccb28326add398aca435e8cb74b03988649d19eeda86b443 contract=0xe95464069b2DE91bCC6888D4EA5a3eE7Bc0a0625
INFO [06-28|08:07:45.874|internal/ethapi/api.go:1540]    Submitted contract creation              fullhash=0x03419418f63c3a45607b53572bc69bf7121b0aa151e25ebedb28ebbfb60a8d49 contract=0x835938be439d401B3f1EDDB0636F56b45b36b0bd
INFO [06-28|08:07:45.890|internal/ethapi/api.go:1540]    Submitted contract creation              fullhash=0x3d093a640f91c7fa50a8816f58690c93a4f7ce312f003f87770eed483ad1dede contract=0x1165D45E1717cb8b8756CE1b10133AEc3f021ACE
INFO [06-28|08:07:46.144|internal/ethapi/api.go:1540]    Submitted contract creation              fullhash=0x92010d0a1246617a4a2b164089a978e48d59871f879e3f6a6b7724ef39682437 contract=0xf104511522f4A95ecD2C43C013E0a364Dd248A9f
INFO [06-28|08:07:46.148|internal/ethapi/api.go:1540]    Submitted contract creation              fullhash=0x6a2bc76bed58e8b79c4f3dc65b2da6239d29f018e794ff0c5d8b4952e4e27ac2 contract=0xF22333E25B9CF623f49D58c1A48c785eF121D036
INFO [06-28|08:07:46.168|internal/ethapi/api.go:1540]    Submitted contract creation              fullhash=0x2419aa8b307160bb461b00b740221b5f774244490ec6f3084e7b5cbcd9ca156e contract=0x5c942F3e42Fc5b4b2665B4CddEDDAacb1C268eeA
INFO [06-28|08:07:46.183|internal/ethapi/api.go:1540]    Submitted contract creation              fullhash=0x7a56d6fdf188515fc187a3b9ee616381c6ab0a56ecdd8f2bfba823263984a21e contract=0xd1A63204D61093Fb8963040d3cB5c3089af1a662
INFO [06-28|08:07:46.192|internal/ethapi/api.go:1540]    Submitted contract creation              fullhash=0x725732b21785cf6581847ee5762db3a859ef19d21c87443b820cd187fa1077ae contract=0x52220c80b7287d75c217422971eEE06e0e12D02D
INFO [06-28|08:07:46.197|internal/ethapi/api.go:1540]    Submitted contract creation              fullhash=0x284e2882fbf710c7f9895213ad2bd437924a03e9b09ea3a5152e983f370d1f94 contract=0x9b494F1FB656d71164f76C5543277D62BFccCe66
INFO [06-28|08:07:46.201|internal/ethapi/api.go:1540]    Submitted contract creation              fullhash=0xb9e4ab6e738d866dfbc64257dc14062269c091c7d9707de776d8a7139fac50dd contract=0x5D870B6eac3eDc5Fa45fDE7A9A695d5a75eCE2ac
INFO [06-28|08:07:46.210|internal/ethapi/api.go:1540]    Submitted contract creation              fullhash=0xd9877a58f7f19582c872628712ae2db195c6c86367bfe0711def07737944b12d contract=0xAe700202F643ED6CF9Dae0abaf49BECCe1aE3243
INFO [06-28|08:07:46.462|internal/ethapi/api.go:1540]    Submitted contract creation              fullhash=0xdeced7f938621edf8b7acfdadd7ea7719f50d750a3427e721d076e2ee38899e7 contract=0x5855E414F06191Ba9c984B98f60DCA406ea670A8
INFO [06-28|08:07:46.468|internal/ethapi/api.go:1540]    Submitted contract creation              fullhash=0x1375c84430995797d727ea8cec306172cc8df2e6242603dde2e1f2e8f055263b contract=0xE13aB4585AAbd2a81a07Ad07A5A462DA64E9A60f
INFO [06-28|08:07:46.512|internal/ethapi/api.go:1540]    Submitted contract creation              fullhash=0x699e3440084de462e7ac3d44110d4e9401066f81a66e74efdf8c7c53bf3bb681 contract=0x03a7d250FFC8235347739a1d94532a87C768811C
INFO [06-28|08:07:46.518|internal/ethapi/api.go:1540]    Submitted contract creation              fullhash=0x2a7b5f8fb2e655b4d8d7cf5312bdbd7afc990d863e336b2fe1ac1b59ccab4651 contract=0xbAC7ea878bDd592aeC78Fea2e9a1B9e5D0AC564A
INFO [06-28|08:07:46.693|miner/worker.go:620]            Successfully sealed new block            number=2 sealhash="56fa98…7f21e3" hash="13f4ff…cd25cb" elapsed=1.159s
INFO [06-28|08:07:46.693|miner/unconfirmed.go:85]        🔨 mined potential block                  number=2 hash="13f4ff…cd25cb"
INFO [06-28|08:07:46.693|miner/worker.go:1001]           Commit new mining work                   number=3 sealhash="8f31f1…c63ee2" uncles=0 txs=0  gas=0       fees=0          elapsed="312.821µs"
INFO [06-28|08:07:46.707|miner/worker.go:1001]           Commit new mining work                   number=3 sealhash="6ac7c6…9b7f10" uncles=0 txs=29 gas=2490199 fees=0.002490199 elapsed=13.737ms
INFO [06-28|08:07:46.715|internal/ethapi/api.go:1542]    Submitted transaction                    fullhash=0x75175a6d348615ddd10b82fd34df95b0251f2305735e0ee40387a1d2db43d30e recipient=0x08e112c332db2d176D4D037f1119aE5475358Daa
INFO [06-28|08:07:46.716|internal/ethapi/api.go:1542]    Submitted transaction                    fullhash=0x8eff0cdc6480c9128dc1bdcf32c66f440bf8858843f516de7c515a9c5457fdaf recipient=0xA9C11D2B62575Bd5B18C172571e5A7bcf6Ba6a4e
INFO [06-28|08:07:46.718|internal/ethapi/api.go:1542]    Submitted transaction                    fullhash=0xfcb8154f97c2bdda9abec4ce6718c5dae0e0ba858f4d454a99f352fc797f02c2 recipient=0xA8FEC5b8beef04b2eB8c8158c95D3BA52198ab0D
INFO [06-28|08:07:46.719|internal/ethapi/api.go:1542]    Submitted transaction                    fullhash=0x70721e132e65cf57109cdc3818fa06750895b83228b2332df35e9f859ad1ac66 recipient=0xD948aa9EaffE7f21dE8A2Aef86757c0Bbe9Ff84c
INFO [06-28|08:07:46.724|internal/ethapi/api.go:1542]    Submitted transaction                    fullhash=0xa5bc1b35e593dafc8d197a12a2a186f3798bfe9b166bcf8afba6a9995e93c7eb recipient=0x5444A5d7376270b64D34B43DCb89db2cECe275Ef
INFO [06-28|08:07:46.725|internal/ethapi/api.go:1542]    Submitted transaction                    fullhash=0xc780bd1817a700fb02dd8e995942e449b54ce504f9865bf191f01d9ff9ecb8d9 recipient=0xe23D1FA9dCaC02575f112B8bc58d9861e97c3FF3
INFO [06-28|08:07:46.726|internal/ethapi/api.go:1542]    Submitted transaction                    fullhash=0x54f075854e0d9ff35cf58858133ee09f9d42e57654759b66e58681d07027448c recipient=0x224d291424882cE3a57Ec71A4A189FBD76E38AfF
INFO [06-28|08:07:46.728|internal/ethapi/api.go:1542]    Submitted transaction                    fullhash=0x8d836b414619c284c4cd8552ebc188f38b4d4be7479b85e419a95fc97546448f recipient=0xCF678c48a9221BF162Cb8Ac604289b33E60076e2
INFO [06-28|08:07:46.729|internal/ethapi/api.go:1542]    Submitted transaction                    fullhash=0x9352e5734e1d39f869471c6495d3c67fa7952ad2036eeeb8797584590bde098b recipient=0xe28B8888b17707D34cf6b93B9F08De5B9136956f
INFO [06-28|08:07:46.730|internal/ethapi/api.go:1542]    Submitted transaction                    fullhash=0xde4d64f99229bf1fb9f1f52cbd684b860efa5f0f8b24285f75b4afa4c19fb125 recipient=0xf2451D034ED6404Dc2D342FFe33D749c889c1359
INFO [06-28|08:07:46.732|internal/ethapi/api.go:1542]    Submitted transaction                    fullhash=0x7ea5b26f1e1be1326cff85e7eeb9df251527c0923c83aa29f28b9bf47cc055eb recipient=0x0E2b2a49f353Cba63ff2666672127074f4199BAD
INFO [06-28|08:07:46.733|internal/ethapi/api.go:1542]    Submitted transaction                    fullhash=0x3a134c7a45a40c2c2352969f39a13866a19719bfdf8af6bcf78ca257bb68bb25 recipient=0x8deFF23b736a78eF320DC8564aDBEbd447ACa5D4
INFO [06-28|08:07:46.738|internal/ethapi/api.go:1542]    Submitted transaction                    fullhash=0x7ab061c2ff88bf557b3fcc4f85762b591a63bc1f0c32bbddd34df399191c91b6 recipient=0xCd5b8b68f75c928DB49730f40CB1D826848CF644
INFO [06-28|08:07:46.739|internal/ethapi/api.go:1542]    Submitted transaction                    fullhash=0xc02a92112c4c6c834d215e0573809c3f371ece15c4ab6eec6e0fce72585cd5de recipient=0x27997A7420b58F277bC1607f330dFe0A9a2f2F3f
INFO [06-28|08:07:46.740|internal/ethapi/api.go:1542]    Submitted transaction                    fullhash=0x710e89a497a488066e45b3e8aece47d5d936cae59b534c827a2860dc5ef857e1 recipient=0x4524d87dc20f85a7AAd043Bd38e3D64cfB97e28b
INFO [06-28|08:07:46.742|internal/ethapi/api.go:1542]    Submitted transaction                    fullhash=0x527a9de6ba8846d18e760a9d2dce9a7797069bf2db54fae5d185f0745ce17e0d recipient=0x4C5Abb46ad15577eeE7c6A3a90D9f3CD9C828F02
INFO [06-28|08:07:46.743|internal/ethapi/api.go:1542]    Submitted transaction                    fullhash=0x3e0b82d9d9715230ff0866dc7505d53e422137305c4bf35c22b60b122f8e0774 recipient=0xdD203A081436579E6ae106c09D9A53a8af92Cc4b
INFO [06-28|08:07:46.745|internal/ethapi/api.go:1542]    Submitted transaction                    fullhash=0x0d76b1c47a39e357742184a1ccae36d0cb96d091c5fdf3e6657517f43d38e9c8 recipient=0x485c55AA9141FA2614869c8Ff07520921cDEae74
INFO [06-28|08:07:46.746|internal/ethapi/api.go:1542]    Submitted transaction                    fullhash=0xbb38f6f6ed2598f17a5657f4ee639ed283f3f22b576f9395a2869ab16fc98281 recipient=0x5DBd7a78f49F9586C928C9c04E2274254440e061
INFO [06-28|08:07:46.748|internal/ethapi/api.go:1542]    Submitted transaction                    fullhash=0x7c9eb68c382a95a9fcd88c5b04de1adf91027f6def241a3f6d95989ecfda9ff0 recipient=0x4d73585BE525027034ef9161A98A3D8C074DD56B
INFO [06-28|08:07:46.749|internal/ethapi/api.go:1542]    Submitted transaction                    fullhash=0xbf82c02eafbf02398e6387f5e322e39bcd8ba5f02e8fdbadda5d71bef4d5f367 recipient=0xa576b2973315783b9aDEcbf48fc010Fd251f61f8
INFO [06-28|08:07:46.750|internal/ethapi/api.go:1542]    Submitted transaction                    fullhash=0x5e32a519d592a860fc0f3ee67e4a01527802d2de8bf51dbd8dca8ab0eb91a256 recipient=0x40400151bd7060df10ba75d203B2C5985502b623
INFO [06-28|08:07:46.751|internal/ethapi/api.go:1542]    Submitted transaction                    fullhash=0x80f6f4fec83760cc9e91bc2bd27d16e878e4ad563212e6244891994071d8c9c5 recipient=0x6cbBE2F501a858eBdA238CD690fCA13eCfcEb9AD
INFO [06-28|08:07:46.754|internal/ethapi/api.go:1542]    Submitted transaction                    fullhash=0x374cf036508a34a564cb3374535cdd16571bd381d23967b8f312396bc10f90f3 recipient=0x6D695861D4eEb8C1983bB69b3eCb3a7e1a908086
INFO [06-28|08:07:46.755|internal/ethapi/api.go:1542]    Submitted transaction                    fullhash=0xf9d34e1047760654bb19e0bc5b99f8764016fce4f0678e50a013bad3ffb13e29 recipient=0x56F9932045BabA87ABEFDB874BA944047D76c4C8
INFO [06-28|08:07:46.756|internal/ethapi/api.go:1542]    Submitted transaction                    fullhash=0x6b0b9db6bac0e15b04c8afdc66a96854e618e78822614f64bb4a5f7634b54e21 recipient=0xBeb170648581Dd9873c93F230408BF8f1aE26110
INFO [06-28|08:07:46.758|internal/ethapi/api.go:1542]    Submitted transaction                    fullhash=0x3747b317700332e3892890d52c66c1a33727c76c29eca0351cdfebe2d42711f7 recipient=0xbfBA0c3AF698E1c0f1B32b26108C6319DCFb4697
INFO [06-28|08:07:46.759|internal/ethapi/api.go:1542]    Submitted transaction                    fullhash=0xad64183d183d700b281c3aa41e23dbbc2ccdbb37831c5de03af2c50a62954fc5 recipient=0x0267f97A5101fB97Ee96691B97ACC7Cb854E7c76
INFO [06-28|08:07:46.760|internal/ethapi/api.go:1542]    Submitted transaction                    fullhash=0xe495cc496064e7b5c914c6465cb7d98819340e62ee9ed6158ad4237af781e8c3 recipient=0xBbe5ae6382D3f6A9005e3B0ABC8448889c3Ae87C
INFO [06-28|08:07:46.762|internal/ethapi/api.go:1542]    Submitted transaction                    fullhash=0xeba70f6cc9d56785f6e55794ece066dad073b16cd659f2a2b41f8496fcf47ffe recipient=0x8B1C0A03bF63E741DA125E95CFD4F7Bd409c2BB0
INFO [06-28|08:07:46.763|internal/ethapi/api.go:1542]    Submitted transaction                    fullhash=0xd24cedc9caca6988d367389cc3ae677fd6b80c21327c09912c7bf0beb1eccd92 recipient=0x66E9308Bb029D2ecE711Ac48bB56B6633D4fe845
INFO [06-28|08:07:46.764|internal/ethapi/api.go:1542]    Submitted transaction                    fullhash=0x86305e15040e678d553aac186a6d1265022fc6634c395603ab478a9358afdbd0 recipient=0xF1aDd024047a257813EDB650aF8264e2017C1AF1
INFO [06-28|08:07:46.765|internal/ethapi/api.go:1542]    Submitted transaction                    fullhash=0xc68a274170358839477a30355b90d63baa56db554a2d8353612e0d0c469d7b4e recipient=0xCBb00fC826D21F8E50407B051a33022D08a2d9Df
INFO [06-28|08:07:46.767|internal/ethapi/api.go:1542]    Submitted transaction                    fullhash=0xc86e471a86e37f086f5f8564ad32f79b6dc240f90de532cba38b5671db7364b2 recipient=0x4e0874EDD476eaCf1FFc2fF4C38Ab0dd180148Ae
INFO [06-28|08:07:46.768|internal/ethapi/api.go:1542]    Submitted transaction                    fullhash=0x0549fc80efefa2371f83fe5f48e39733804007db9de0d1d362752731b3e0274a recipient=0x19221AA1D4611Adca6CB36DeACd032300496A1A1
INFO [06-28|08:07:46.769|internal/ethapi/api.go:1542]    Submitted transaction                    fullhash=0x86c92b8efdd50abf8d082c4f51b11938c9210beefa22d9f12c7704c89d4519b8 recipient=0x245B51B59e7f93285AE8ABF0de354F419986EDEB
INFO [06-28|08:07:46.770|internal/ethapi/api.go:1542]    Submitted transaction                    fullhash=0x38847bbd646f96f6df217878e9f125091f955f5b691af27789b438b091d8d7ad recipient=0x688cB4a8b7fe8b8444b1D6bDCBd3c1B54a1AD1A0
INFO [06-28|08:07:46.771|internal/ethapi/api.go:1542]    Submitted transaction                    fullhash=0x733548b61d6445538eac80a35c031ce4e3196be2bc9ae1ad5bd855b9f47f8805 recipient=0xEc807a184719A62B8A0F830CEbb3De9733912795
INFO [06-28|08:07:46.773|internal/ethapi/api.go:1542]    Submitted transaction                    fullhash=0xed08af6814820d463ef6c219179730e0fee5b370ad91df489df43b89a6c61734 recipient=0xb37543579c0cb772Fc89Fd1E86386eb7444245E9
INFO [06-28|08:07:46.774|internal/ethapi/api.go:1542]    Submitted transaction                    fullhash=0xda50d10827c2b8eb7335a7a7da9d3bfb2a09b7679403666b696bab5b2be5b74c recipient=0x5cC9f483834B5aA3E9f4bA454ABd80Be6A695DC5
INFO [06-28|08:07:46.776|internal/ethapi/api.go:1542]    Submitted transaction                    fullhash=0xd52ab42ccc81e50bf94c94f4ae12d06d8912d8527a5cf644e52b041e17bd5e1c recipient=0xbb1D9fC0cca87860dD9218e864a14CecB4ef49F3
INFO [06-28|08:07:46.777|internal/ethapi/api.go:1542]    Submitted transaction                    fullhash=0x52b74b45c7bca88fff34d81200c04d888e717ec497db0b7d44e8caa5cac84269 recipient=0x6cB2c4e77bC6C1ef7248CC6dC2c9b2b1D90E1568
INFO [06-28|08:07:46.779|internal/ethapi/api.go:1542]    Submitted transaction                    fullhash=0x2992823fda85080b89d3d7280054e2f859ca9f5e0dda79d202c8c70991f6da75 recipient=0xb9e49b70d1CF5C15F54e61ef615CA6b60936D0fC
INFO [06-28|08:07:46.780|internal/ethapi/api.go:1542]    Submitted transaction                    fullhash=0x300733eb5556649643034f0fb9faac545316b4d1064c89ec070a6ac8455ca8e6 recipient=0x65DD0dE6C73fb5d4dD510329CD61456761073311
INFO [06-28|08:07:46.781|internal/ethapi/api.go:1542]    Submitted transaction                    fullhash=0x037a1a21457063442ed4da447a08e4d4c04936d72b141a18aa564f10a76be338 recipient=0x6B0fAaFaD0c97ae83CfC771CAA30DFe15de79662
INFO [06-28|08:07:48.147|miner/worker.go:620]            Successfully sealed new block            number=3 sealhash="6ac7c6…9b7f10" hash="b0ed69…9b029d" elapsed=1.440s
INFO [06-28|08:07:48.147|miner/unconfirmed.go:85]        🔨 mined potential block                  number=3 hash="b0ed69…9b029d"
INFO [06-28|08:07:48.147|miner/worker.go:1001]           Commit new mining work                   number=4 sealhash="0eeb01…89f52b" uncles=0 txs=0  gas=0       fees=0           elapsed="204.751µs"
INFO [06-28|08:07:48.148|miner/worker.go:1001]           Commit new mining work                   number=4 sealhash="2a33bb…459edf" uncles=0 txs=2  gas=42000   fees=4.2e-14     elapsed=1.026ms
WARN [06-28|08:07:48.160|rpc/handler.go:306]             Served eth_sendRawTransaction            reqid=339 t="61.98µs" err="tx fee (14.20 ether) exceeds the configured cap (1.00 ether)"
INFO [06-28|08:07:48.340|miner/worker.go:620]            Successfully sealed new block            number=4 sealhash="2a33bb…459edf" hash="26e85d…1695e4" elapsed=192.202ms
INFO [06-28|08:07:48.340|miner/unconfirmed.go:85]        🔨 mined potential block                  number=4 hash="26e85d…1695e4"
INFO [06-28|08:07:48.341|miner/worker.go:1001]           Commit new mining work                   number=5 sealhash="52981b…64174e" uncles=0 txs=0  gas=0       fees=0           elapsed="150.064µs"
INFO [06-28|08:07:48.342|miner/worker.go:1001]           Commit new mining work                   number=5 sealhash="44971b…b18a5b" uncles=0 txs=2  gas=42000   fees=4.2e-14     elapsed=1.388ms
INFO [06-28|08:07:49.105|miner/worker.go:620]            Successfully sealed new block            number=5 sealhash="44971b…b18a5b" hash="27e561…bfb2c3" elapsed=763.130ms
INFO [06-28|08:07:49.105|miner/unconfirmed.go:85]        🔨 mined potential block                  number=5 hash="27e561…bfb2c3"
INFO [06-28|08:07:49.105|miner/worker.go:1001]           Commit new mining work                   number=6 sealhash="7d04e3…799d63" uncles=0 txs=0  gas=0       fees=0           elapsed="169.365µs"
INFO [06-28|08:07:49.107|miner/worker.go:1001]           Commit new mining work                   number=6 sealhash="7cff52…e7c32b" uncles=0 txs=3  gas=63000   fees=6.3e-14     elapsed=2.079ms
INFO [06-28|08:07:52.564|miner/worker.go:620]            Successfully sealed new block            number=6 sealhash="7cff52…e7c32b" hash="23ee71…8044b2" elapsed=3.457s
INFO [06-28|08:07:52.564|miner/unconfirmed.go:85]        🔨 mined potential block                  number=6 hash="23ee71…8044b2"
INFO [06-28|08:07:52.565|miner/worker.go:1001]           Commit new mining work                   number=7 sealhash="48a313…99a235" uncles=0 txs=0  gas=0       fees=0           elapsed="124.288µs"
INFO [06-28|08:07:52.566|miner/worker.go:1001]           Commit new mining work                   number=7 sealhash="04ad89…9b8432" uncles=0 txs=4  gas=84000   fees=8.4e-14     elapsed=1.551ms
INFO [06-28|08:07:54.104|miner/worker.go:620]            Successfully sealed new block            number=7 sealhash="04ad89…9b8432" hash="36ed15…1ec5ee" elapsed=1.538s
INFO [06-28|08:07:54.104|miner/unconfirmed.go:85]        🔨 mined potential block                  number=7 hash="36ed15…1ec5ee"
INFO [06-28|08:07:54.104|miner/worker.go:1001]           Commit new mining work                   number=8 sealhash="dfe61c…427850" uncles=0 txs=0  gas=0       fees=0           elapsed="157.267µs"
INFO [06-28|08:07:54.109|miner/worker.go:1001]           Commit new mining work                   number=8 sealhash="efb15e…45af75" uncles=0 txs=16 gas=336000  fees=2.73e-13    elapsed=5.181ms
INFO [06-28|08:07:54.693|miner/worker.go:620]            Successfully sealed new block            number=8 sealhash="efb15e…45af75" hash="8cfd75…715ceb" elapsed=583.639ms
INFO [06-28|08:07:54.693|miner/unconfirmed.go:107]       🔗 block reached canonical chain          number=1 hash="827878…bf92d7"
INFO [06-28|08:07:54.693|miner/unconfirmed.go:85]        🔨 mined potential block                  number=8 hash="8cfd75…715ceb"
INFO [06-28|08:07:54.693|miner/worker.go:1001]           Commit new mining work                   number=9 sealhash="c86175…bc375d" uncles=0 txs=0  gas=0       fees=0           elapsed="172.408µs"
INFO [06-28|08:07:54.694|miner/worker.go:1001]           Commit new mining work                   number=9 sealhash="a74928…363cdc" uncles=0 txs=1  gas=21000   fees=2.1e-14     elapsed="723.214µs"
INFO [06-28|08:07:57.433|miner/worker.go:620]            Successfully sealed new block            number=9 sealhash="a74928…363cdc" hash="b69b3d…cccc29" elapsed=2.739s
INFO [06-28|08:07:57.434|miner/unconfirmed.go:107]       🔗 block reached canonical chain          number=2 hash="13f4ff…cd25cb"
INFO [06-28|08:07:57.434|miner/unconfirmed.go:85]        🔨 mined potential block                  number=9 hash="b69b3d…cccc29"
INFO [06-28|08:07:57.434|miner/worker.go:1001]           Commit new mining work                   number=10 sealhash="cc565e…9f2393" uncles=0 txs=0  gas=0       fees=0           elapsed="149.491µs"
INFO [06-28|08:07:57.434|miner/worker.go:1001]           Commit new mining work                   number=10 sealhash="3a3849…2cae8d" uncles=0 txs=1  gas=21000   fees=2.1e-14     elapsed="829.777µs"
INFO [06-28|08:07:58.581|miner/worker.go:620]            Successfully sealed new block            number=10 sealhash="3a3849…2cae8d" hash="bf226b…2b7744" elapsed=1.146s
INFO [06-28|08:07:58.581|miner/unconfirmed.go:107]       🔗 block reached canonical chain          number=3  hash="b0ed69…9b029d"
INFO [06-28|08:07:58.581|miner/unconfirmed.go:85]        🔨 mined potential block                  number=10 hash="bf226b…2b7744"
INFO [06-28|08:07:58.581|miner/worker.go:1001]           Commit new mining work                   number=11 sealhash="a5db34…661a6c" uncles=0 txs=0  gas=0       fees=0           elapsed="105.436µs"
INFO [06-28|08:07:58.582|miner/worker.go:1001]           Commit new mining work                   number=11 sealhash="9a718c…bc7f6f" uncles=0 txs=1  gas=21000   fees=2.1e-14     elapsed="904.133µs"
INFO [06-28|08:08:04.652|node/node.go:410]               HTTP endpoint closed                     url=http://127.0.0.1:8545/
INFO [06-28|08:08:04.652|node/node.go:361]               IPC endpoint closed                      url=/tmp/geth.ipc
INFO [06-28|08:08:04.652|eth/handler.go:289]             Ethereum protocol stopped 
INFO [06-28|08:08:04.652|core/tx_pool.go:397]            Transaction pool stopped 
INFO [06-28|08:08:04.652|core/blockchain.go:922]         Blockchain stopped 
